<?xml version="1.0" encoding="UTF-8"?>
<!-- Generated by org.testng.reporters.JUnitReportReporter -->
<testsuite hostname="Sachin" failures="0" tests="6" name="pratice.TestNG" time="0.048" errors="0" timestamp="2023-01-30T13:01:11 IST" skipped="0">
  <testcase classname="pratice.TestNG" name="create" time="0.023"/>
  <system-out/>
  <testcase classname="pratice.TestNG" name="delete" time="0.009"/>
  <system-out/>
  <testcase classname="pratice.TestNG" name="create" time="0.003"/>
  <system-out/>
  <testcase classname="pratice.TestNG" name="create" time="0.006"/>
  <system-out/>
  <testcase classname="pratice.TestNG" name="create" time="0.004"/>
  <system-out/>
  <testcase classname="pratice.TestNG" name="moify" time="0.003"/>
  <system-out/>
</testsuite> <!-- pratice.TestNG -->
