<?xml version="1.0" encoding="UTF-8"?>
<!-- Generated by org.testng.reporters.JUnitReportReporter -->
<testsuite hostname="Sachin" failures="0" tests="1" name="pratice.Parameterization" time="16.597" errors="0" timestamp="2023-01-25T18:26:19 IST" skipped="0">
  <testcase classname="pratice.Parameterization" name="Test1" time="16.597"/>
  <system-out/>
</testsuite> <!-- pratice.Parameterization -->
