<?xml version="1.0" encoding="UTF-8"?>
<!-- Generated by org.testng.reporters.JUnitReportReporter -->
<testsuite hostname="Sachin" failures="0" tests="3" name="pratice.TestNG2" time="0.106" errors="0" timestamp="2023-01-19T15:07:54 IST" skipped="0">
  <testcase classname="pratice.TestNG2" name="m3" time="0.018"/>
  <system-out/>
  <testcase classname="pratice.TestNG2" name="m2" time="0.020"/>
  <system-out/>
  <testcase classname="pratice.TestNG2" name="m1" time="0.068"/>
  <system-out/>
</testsuite> <!-- pratice.TestNG2 -->
