<?xml version="1.0" encoding="UTF-8"?>
<!-- Generated by org.testng.reporters.JUnitReportReporter -->
<testsuite hostname="Sachin" failures="0" tests="1" name="autotesting.Emptybrowser" time="35.088" errors="0" timestamp="2023-01-30T19:14:55 IST" skipped="0">
  <testcase classname="autotesting.Emptybrowser" name="Emptytest" time="35.088"/>
  <system-out/>
</testsuite> <!-- autotesting.Emptybrowser -->
