<?xml version="1.0" encoding="UTF-8"?>
<!-- Generated by org.testng.reporters.JUnitReportReporter -->
<testsuite hostname="Sachin" failures="0" tests="1" name="pratice.Olampics" time="17.455" errors="0" timestamp="2023-01-30T12:25:05 IST" skipped="0">
  <testcase classname="pratice.Olampics" name="test" time="17.455"/>
  <system-out/>
</testsuite> <!-- pratice.Olampics -->
